<testsuites id="" name="" tests="5" failures="1" skipped="3" errors="0" time="35.942052000000004">
<testsuite name="f4-desk-free-flows.spec.js" timestamp="2026-02-26T08:53:12.918Z" hostname="" tests="5" failures="1" skipped="3" time="32.588" errors="0">
<testcase name="F4 desk-free core flows › Lead -&gt; Offer flow" classname="f4-desk-free-flows.spec.js" time="14.669">
<properties>
<property name="skip" value="No convertible lead found.">
</property>
</properties>
<skipped>
</skipped>
</testcase>
<testcase name="F4 desk-free core flows › Offer -&gt; Policy flow" classname="f4-desk-free-flows.spec.js" time="12.362">
</testcase>
<testcase name="F4 desk-free core flows › Customer -&gt; Offer quick create flow" classname="f4-desk-free-flows.spec.js" time="5.557">
<failure message="f4-desk-free-flows.spec.js:122:3 Customer -&gt; Offer quick create flow" type="FAILURE">
<![CDATA[  f4-desk-free-flows.spec.js:122:3 › F4 desk-free core flows › Customer -> Offer quick create flow ─

    Error: expect(locator).toBeVisible() failed

    Locator: getByRole('button', { name: /Yeni Teklif|New Offer/i })
    Expected: visible
    Error: strict mode violation: getByRole('button', { name: /Yeni Teklif|New Offer/i }) resolved to 2 elements:
        1) <button type="button" class="rounded-lg disabled:cursor-not-allowed disabled:opacity-60 bg-slate-900 text-white hover:bg-slate-800 px-3 py-1.5 text-sm">…</button> aka getByRole('button', { name: 'New Offer' }).first()
        2) <button type="button" class="rounded-lg disabled:cursor-not-allowed disabled:opacity-60 bg-slate-900 text-white hover:bg-slate-800 px-3 py-1.5 text-sm">…</button> aka getByRole('button', { name: 'New Offer' }).nth(1)

    Call log:
      - Expect "toBeVisible" with timeout 10000ms
      - waiting for getByRole('button', { name: /Yeni Teklif|New Offer/i })


      124 |
      125 |     const newOfferBtn = page.getByRole("button", { name: /Yeni Teklif|New Offer/i });
    > 126 |     await expect(newOfferBtn).toBeVisible();
          |                               ^
      127 |     await newOfferBtn.click();
      128 |
      129 |     await expect(page).toHaveURL(/\/at\/offers/);
        at C:\Users\Aykut\Documents\GitHub\acentem_takipte\frontend\tests\e2e\f4-desk-free-flows.spec.js:126:31

    Error Context: ..\..\test-results\f4-desk-free-flows-F4-desk-a9610-r---Offer-quick-create-flow\error-context.md

    attachment #2: trace (application/zip) ─────────────────────────────────────────────────────────
    ..\..\test-results\f4-desk-free-flows-F4-desk-a9610-r---Offer-quick-create-flow\trace.zip
    Usage:

        npx playwright show-trace ..\..\test-results\f4-desk-free-flows-F4-desk-a9610-r---Offer-quick-create-flow\trace.zip

    ────────────────────────────────────────────────────────────────────────────────────────────────
]]>
</failure>
<system-out>
<![CDATA[
[[ATTACHMENT|..\test-results\f4-desk-free-flows-F4-desk-a9610-r---Offer-quick-create-flow\error-context.md]]

[[ATTACHMENT|..\test-results\f4-desk-free-flows-F4-desk-a9610-r---Offer-quick-create-flow\trace.zip]]
]]>
</system-out>
</testcase>
<testcase name="F4 desk-free core flows › Customer -&gt; Communication flow" classname="f4-desk-free-flows.spec.js" time="0">
<skipped>
</skipped>
</testcase>
<testcase name="F4 desk-free core flows › Task / Draft / Outbox frontend detail routes open" classname="f4-desk-free-flows.spec.js" time="0">
<skipped>
</skipped>
</testcase>
</testsuite>
</testsuites>