<testsuites id="" name="" tests="5" failures="0" skipped="1" errors="0" time="44.831649">
<testsuite name="f4-desk-free-flows.spec.js" timestamp="2026-02-26T08:38:49.363Z" hostname="" tests="5" failures="0" skipped="1" time="41.677" errors="0">
<testcase name="F4 desk-free core flows › Lead -&gt; Offer flow" classname="f4-desk-free-flows.spec.js" time="16.334">
<properties>
<property name="skip" value="No convertible lead found.">
</property>
</properties>
<skipped>
</skipped>
</testcase>
<testcase name="F4 desk-free core flows › Offer -&gt; Policy flow" classname="f4-desk-free-flows.spec.js" time="9.31">
</testcase>
<testcase name="F4 desk-free core flows › Customer -&gt; Offer quick create flow" classname="f4-desk-free-flows.spec.js" time="4.591">
</testcase>
<testcase name="F4 desk-free core flows › Customer -&gt; Communication flow" classname="f4-desk-free-flows.spec.js" time="4.598">
</testcase>
<testcase name="F4 desk-free core flows › Task / Draft / Outbox frontend detail routes open" classname="f4-desk-free-flows.spec.js" time="6.844">
</testcase>
</testsuite>
</testsuites>