<testsuites id="" name="" tests="5" failures="0" skipped="0" errors="0" time="59.261693">
<testsuite name="g5-desk-free-qa-assist.spec.js" timestamp="2026-02-26T08:55:57.045Z" hostname="" tests="5" failures="0" skipped="0" time="56.229" errors="0">
<testcase name="G5 desk-free QA assist (admin) › desktop route sanity + desk fallback hidden by default" classname="g5-desk-free-qa-assist.spec.js" time="23.557">
</testcase>
<testcase name="G5 desk-free QA assist (admin) › mobile viewport route sanity (representative workbench/detail pages)" classname="g5-desk-free-qa-assist.spec.js" time="18.486">
</testcase>
<testcase name="G5 desk-free QA assist (restricted role) › Agent runtime capability payload disables finance/communication write actions" classname="g5-desk-free-qa-assist.spec.js" time="2.599">
</testcase>
<testcase name="G5 desk-free QA assist (restricted role) › Agent UI hides communication/finance quick actions" classname="g5-desk-free-qa-assist.spec.js" time="8.868">
</testcase>
<testcase name="G5 desk-free QA assist (restricted role) › Agent backend write endpoints are permission denied" classname="g5-desk-free-qa-assist.spec.js" time="2.719">
</testcase>
</testsuite>
</testsuites>