<testsuites id="" name="" tests="5" failures="0" skipped="2" errors="0" time="47.880667">
<testsuite name="g5-desk-free-qa-assist.spec.js" timestamp="2026-02-26T08:37:45.796Z" hostname="" tests="5" failures="0" skipped="2" time="44.924" errors="0">
<testcase name="G5 desk-free QA assist (admin) › desktop route sanity + desk fallback hidden by default" classname="g5-desk-free-qa-assist.spec.js" time="19.975">
</testcase>
<testcase name="G5 desk-free QA assist (admin) › mobile viewport route sanity (representative workbench/detail pages)" classname="g5-desk-free-qa-assist.spec.js" time="16.564">
</testcase>
<testcase name="G5 desk-free QA assist (restricted role) › Agent runtime capability payload disables finance/communication write actions" classname="g5-desk-free-qa-assist.spec.js" time="2.594">
<properties>
<property name="skip" value="Runtime session payload in this local backend build does not expose capabilities.">
</property>
</properties>
<skipped>
</skipped>
</testcase>
<testcase name="G5 desk-free QA assist (restricted role) › Agent UI hides communication/finance quick actions" classname="g5-desk-free-qa-assist.spec.js" time="2.572">
<properties>
<property name="skip" value="Runtime session payload in this local backend build does not expose capabilities; UI hide assertions are not reliable.">
</property>
</properties>
<skipped>
</skipped>
</testcase>
<testcase name="G5 desk-free QA assist (restricted role) › Agent backend write endpoints are permission denied" classname="g5-desk-free-qa-assist.spec.js" time="3.219">
</testcase>
</testsuite>
</testsuites>