<testsuites id="" name="" tests="6" failures="0" skipped="0" errors="0" time="104.898731">
<testsuite name="g5-desk-free-qa-assist.spec.js" timestamp="2026-02-26T09:06:00.169Z" hostname="" tests="6" failures="0" skipped="0" time="100.166" errors="0">
<testcase name="G5 desk-free QA assist (admin) › desktop route sanity + desk fallback hidden by default" classname="g5-desk-free-qa-assist.spec.js" time="19.224">
</testcase>
<testcase name="G5 desk-free QA assist (admin) › desktop sidebar click sanity (aux routes)" classname="g5-desk-free-qa-assist.spec.js" time="20.237">
</testcase>
<testcase name="G5 desk-free QA assist (admin) › mobile viewport route/detail + sidebar menu sanity (390x844, 360x800)" classname="g5-desk-free-qa-assist.spec.js" time="42.039">
</testcase>
<testcase name="G5 desk-free QA assist (restricted role) › Agent runtime capability payload disables finance/communication write actions" classname="g5-desk-free-qa-assist.spec.js" time="2.625">
</testcase>
<testcase name="G5 desk-free QA assist (restricted role) › Agent UI hides communication/finance quick actions" classname="g5-desk-free-qa-assist.spec.js" time="12.793">
</testcase>
<testcase name="G5 desk-free QA assist (restricted role) › Agent backend write endpoints are permission denied" classname="g5-desk-free-qa-assist.spec.js" time="3.248">
</testcase>
</testsuite>
</testsuites>